<?xml version="1.0" encoding="utf-8" standalone="no"?>
<test-results xmlns:xsi="http://www.w3.org/2001/XMLSchema-instance" xsi:noNamespaceSchemaLocation="nunit_schema_2.5.xsd" name="Pester" total="459" errors="0" failures="7" not-run="0" inconclusive="0" ignored="0" skipped="0" invalid="0" date="2016-06-29" time="08:34:50">
  <environment user="Dave" machine-name="DWLAPTOP" cwd="C:\Users\Dave\Documents\GitHub\pester" user-domain="DWLAPTOP" platform="Microsoft Windows 10 Pro|C:\WINDOWS|\Device\Harddisk0\Partition4" nunit-version="2.5.8.0" os-version="10.0.10586" clr-version="4.0.30319.42000" />
  <culture-info current-culture="en-US" current-uiculture="en-US" />
  <test-suite type="TestFixture" name="C:\Users\Dave\Documents\GitHub\pester\Examples\Calculator\Add-Numbers.Tests.ps1" executed="True" result="Success" success="False" time="0.5723" asserts="0" description="C:\Users\Dave\Documents\GitHub\pester\Examples\Calculator\Add-Numbers.Tests.ps1">
    <results>
      <test-suite type="TestFixture" name="Add-Numbers" executed="True" result="Success" success="False" time="0.5723" asserts="0" description="Add-Numbers">
        <results>
          <test-case description="adds positive numbers" name="Add-Numbers.adds positive numbers" time="0.4481" asserts="0" success="True" result="Success" executed="True" />
          <test-case description="adds negative numbers" name="Add-Numbers.adds negative numbers" time="0.0704" asserts="0" success="True" result="Success" executed="True" />
          <test-case description="adds one negative number to positive number" name="Add-Numbers.adds one negative number to positive number" time="0.0252" asserts="0" success="True" result="Success" executed="True" />
          <test-case description="concatenates strings if given strings" name="Add-Numbers.concatenates strings if given strings" time="0.0157" asserts="0" success="True" result="Success" executed="True" />
          <test-case description="should not be 0" name="Add-Numbers.should not be 0" time="0.0129" asserts="0" success="True" result="Success" executed="True" />
        </results>
      </test-suite>
    </results>
  </test-suite>
  <test-suite type="TestFixture" name="C:\Users\Dave\Documents\GitHub\pester\Examples\Validator\Validator.Tests.ps1" executed="True" result="Success" success="False" time="0.677" asserts="0" description="C:\Users\Dave\Documents\GitHub\pester\Examples\Validator\Validator.Tests.ps1">
    <results>
      <test-suite type="TestFixture" name="Testing a validator" executed="True" result="Success" success="False" time="0.4989" asserts="0" description="Testing a validator">
        <results>
          <test-case description="calls MyValidator" name="Testing a validator.calls MyValidator" time="0.4989" asserts="0" success="True" result="Success" executed="True" />
        </results>
      </test-suite>
      <test-suite type="TestFixture" name="MyValidator" executed="True" result="Success" success="False" time="0.1781" asserts="0" description="MyValidator">
        <results>
          <test-case description="passes things that start with the letter S" name="MyValidator.passes things that start with the letter S" time="0.1664" asserts="0" success="True" result="Success" executed="True" />
          <test-case description="does not pass a param that does not start with S" name="MyValidator.does not pass a param that does not start with S" time="0.0117" asserts="0" success="True" result="Success" executed="True" />
        </results>
      </test-suite>
    </results>
  </test-suite>
  <test-suite type="TestFixture" name="C:\Users\Dave\Documents\GitHub\pester\Functions\Assertions\Be.Tests.ps1" executed="True" result="Success" success="False" time="1.1609" asserts="0" description="C:\Users\Dave\Documents\GitHub\pester\Functions\Assertions\Be.Tests.ps1">
    <results>
      <test-suite type="TestFixture" name="PesterBe" executed="True" result="Success" success="False" time="0.3689" asserts="0" description="PesterBe">
        <results>
          <test-case description="returns true if the 2 arguments are equal" name="PesterBe.returns true if the 2 arguments are equal" time="0.1763" asserts="0" success="True" result="Success" executed="True" />
          <test-case description="returns true if the 2 arguments are equal and have different case" name="PesterBe.returns true if the 2 arguments are equal and have different case" time="0.0218" asserts="0" success="True" result="Success" executed="True" />
          <test-case description="returns false if the 2 arguments are not equal" name="PesterBe.returns false if the 2 arguments are not equal" time="0.0247" asserts="0" success="True" result="Success" executed="True" />
          <test-case description="Compares Arrays properly" name="PesterBe.Compares Arrays properly" time="0.037" asserts="0" success="True" result="Success" executed="True" />
          <test-case description="Compares arrays with correct case-insensitive behavior" name="PesterBe.Compares arrays with correct case-insensitive behavior" time="0.0299" asserts="0" success="True" result="Success" executed="True" />
          <test-case description="Handles reference types properly" name="PesterBe.Handles reference types properly" time="0.0214" asserts="0" success="True" result="Success" executed="True" />
          <test-case description="Handles arrays with nested arrays" name="PesterBe.Handles arrays with nested arrays" time="0.0578" asserts="0" success="True" result="Success" executed="True" />
        </results>
      </test-suite>
      <test-suite type="TestFixture" name="PesterBeFailureMessage" executed="True" result="Success" success="False" time="0.3852" asserts="0" description="PesterBeFailureMessage">
        <results>
          <test-case description="Returns nothing for two identical strings" name="PesterBeFailureMessage.Returns nothing for two identical strings" time="0.2223" asserts="0" success="True" result="Success" executed="True" />
          <test-case description="Outputs less verbose message for two different objects that are not strings" name="PesterBeFailureMessage.Outputs less verbose message for two different objects that are not strings" time="0.0159" asserts="0" success="True" result="Success" executed="True" />
          <test-case description="Outputs verbose message for two strings of different length" name="PesterBeFailureMessage.Outputs verbose message for two strings of different length" time="0.0385" asserts="0" success="True" result="Success" executed="True" />
          <test-case description="Outputs verbose message for two different strings of the same length" name="PesterBeFailureMessage.Outputs verbose message for two different strings of the same length" time="0.0233" asserts="0" success="True" result="Success" executed="True" />
          <test-case description="Replaces non-printable characters correctly" name="PesterBeFailureMessage.Replaces non-printable characters correctly" time="0.0477" asserts="0" success="True" result="Success" executed="True" />
          <test-case description="The arrow points to the correct position when non-printable characters are replaced before the difference" name="PesterBeFailureMessage.The arrow points to the correct position when non-printable characters are replaced before the difference" time="0.0214" asserts="0" success="True" result="Success" executed="True" />
          <test-case description="The arrow points to the correct position when non-printable characters are replaced after the difference" name="PesterBeFailureMessage.The arrow points to the correct position when non-printable characters are replaced after the difference" time="0.0162" asserts="0" success="True" result="Success" executed="True" />
        </results>
      </test-suite>
      <test-suite type="TestFixture" name="BeExactly" executed="True" result="Success" success="False" time="0.2424" asserts="0" description="BeExactly">
        <results>
          <test-case description="passes if letter case matches" name="BeExactly.passes if letter case matches" time="0.1491" asserts="0" success="True" result="Success" executed="True" />
          <test-case description="fails if letter case doesn't match" name="BeExactly.fails if letter case doesn't match" time="0.0152" asserts="0" success="True" result="Success" executed="True" />
          <test-case description="passes for numbers" name="BeExactly.passes for numbers" time="0.0265" asserts="0" success="True" result="Success" executed="True" />
          <test-case description="Compares Arrays properly" name="BeExactly.Compares Arrays properly" time="0.031" asserts="0" success="True" result="Success" executed="True" />
          <test-case description="Compares arrays with correct case-sensitive behavior" name="BeExactly.Compares arrays with correct case-sensitive behavior" time="0.0207" asserts="0" success="True" result="Success" executed="True" />
        </results>
      </test-suite>
      <test-suite type="TestFixture" name="PesterBeExactlyFailureMessage" executed="True" result="Success" success="False" time="0.1643" asserts="0" description="PesterBeExactlyFailureMessage">
        <results>
          <test-case description="Writes verbose message for strings that differ by case" name="PesterBeExactlyFailureMessage.Writes verbose message for strings that differ by case" time="0.1643" asserts="0" success="True" result="Success" executed="True" />
        </results>
      </test-suite>
    </results>
  </test-suite>
  <test-suite type="TestFixture" name="C:\Users\Dave\Documents\GitHub\pester\Functions\Assertions\BeGreaterThan.Tests.ps1" executed="True" result="Success" success="False" time="0.1852" asserts="0" description="C:\Users\Dave\Documents\GitHub\pester\Functions\Assertions\BeGreaterThan.Tests.ps1">
    <results>
      <test-suite type="TestFixture" name="PesterBeGreaterThan" executed="True" result="Success" success="False" time="0.1852" asserts="0" description="PesterBeGreaterThan">
        <results>
          <test-case description="passes if value greater than expected" name="PesterBeGreaterThan.passes if value greater than expected" time="0.1429" asserts="0" success="True" result="Success" executed="True" />
          <test-case description="fails if values equal" name="PesterBeGreaterThan.fails if values equal" time="0.0148" asserts="0" success="True" result="Success" executed="True" />
          <test-case description="fails if value less than expected" name="PesterBeGreaterThan.fails if value less than expected" time="0.0275" asserts="0" success="True" result="Success" executed="True" />
        </results>
      </test-suite>
    </results>
  </test-suite>
  <test-suite type="TestFixture" name="C:\Users\Dave\Documents\GitHub\pester\Functions\Assertions\BeLessThan.Tests.ps1" executed="True" result="Success" success="False" time="0.2858" asserts="0" description="C:\Users\Dave\Documents\GitHub\pester\Functions\Assertions\BeLessThan.Tests.ps1">
    <results>
      <test-suite type="TestFixture" name="PesterBeLessThan" executed="True" result="Success" success="False" time="0.2858" asserts="0" description="PesterBeLessThan">
        <results>
          <test-case description="passes if value Less than expected" name="PesterBeLessThan.passes if value Less than expected" time="0.162" asserts="0" success="True" result="Success" executed="True" />
          <test-case description="fails if values equal" name="PesterBeLessThan.fails if values equal" time="0.04" asserts="0" success="True" result="Success" executed="True" />
          <test-case description="fails if value greater than expected" name="PesterBeLessThan.fails if value greater than expected" time="0.0838" asserts="0" success="True" result="Success" executed="True" />
        </results>
      </test-suite>
    </results>
  </test-suite>
  <test-suite type="TestFixture" name="C:\Users\Dave\Documents\GitHub\pester\Functions\Assertions\BeLike.Tests.ps1" executed="True" result="Success" success="False" time="0.2715" asserts="0" description="C:\Users\Dave\Documents\GitHub\pester\Functions\Assertions\BeLike.Tests.ps1">
    <results>
      <test-suite type="TestFixture" name="BeLike" executed="True" result="Success" success="False" time="0.2715" asserts="0" description="BeLike">
        <results>
          <test-case description="returns true for things that are like wildcard" name="BeLike.returns true for things that are like wildcard" time="0.2478" asserts="0" success="True" result="Success" executed="True" />
          <test-case description="returns false for things that do not match" name="BeLike.returns false for things that do not match" time="0.0114" asserts="0" success="True" result="Success" executed="True" />
          <test-case description="passes for strings with different case" name="BeLike.passes for strings with different case" time="0.0123" asserts="0" success="True" result="Success" executed="True" />
        </results>
      </test-suite>
    </results>
  </test-suite>
  <test-suite type="TestFixture" name="C:\Users\Dave\Documents\GitHub\pester\Functions\Assertions\BeLikeExactly.Tests.ps1" executed="True" result="Success" success="False" time="0.1694" asserts="0" description="C:\Users\Dave\Documents\GitHub\pester\Functions\Assertions\BeLikeExactly.Tests.ps1">
    <results>
      <test-suite type="TestFixture" name="BeLike" executed="True" result="Success" success="False" time="0.1694" asserts="0" description="BeLike">
        <results>
          <test-case description="returns true for things that are like wildcard" name="BeLike.returns true for things that are like wildcard" time="0.1427" asserts="0" success="True" result="Success" executed="True" />
          <test-case description="returns false for things that do not match" name="BeLike.returns false for things that do not match" time="0.0123" asserts="0" success="True" result="Success" executed="True" />
          <test-case description="fails for strings with different case" name="BeLike.fails for strings with different case" time="0.0144" asserts="0" success="True" result="Success" executed="True" />
        </results>
      </test-suite>
    </results>
  </test-suite>
  <test-suite type="TestFixture" name="C:\Users\Dave\Documents\GitHub\pester\Functions\Assertions\BeNullOrEmpty.Tests.ps1" executed="True" result="Success" success="False" time="0.1989" asserts="0" description="C:\Users\Dave\Documents\GitHub\pester\Functions\Assertions\BeNullOrEmpty.Tests.ps1">
    <results>
      <test-suite type="TestFixture" name="PesterBeNullOrEmpty" executed="True" result="Success" success="False" time="0.1989" asserts="0" description="PesterBeNullOrEmpty">
        <results>
          <test-case description="should return true if null" name="PesterBeNullOrEmpty.should return true if null" time="0.148" asserts="0" success="True" result="Success" executed="True" />
          <test-case description="should return true if empty string" name="PesterBeNullOrEmpty.should return true if empty string" time="0.0141" asserts="0" success="True" result="Success" executed="True" />
          <test-case description="should return true if empty array" name="PesterBeNullOrEmpty.should return true if empty array" time="0.0126" asserts="0" success="True" result="Success" executed="True" />
          <test-case description="Should return false for non-empty strings or arrays" name="PesterBeNullOrEmpty.Should return false for non-empty strings or arrays" time="0.0242" asserts="0" success="True" result="Success" executed="True" />
        </results>
      </test-suite>
    </results>
  </test-suite>
  <test-suite type="TestFixture" name="C:\Users\Dave\Documents\GitHub\pester\Functions\Assertions\BeOfType.Tests.ps1" executed="True" result="Success" success="False" time="0.19" asserts="0" description="C:\Users\Dave\Documents\GitHub\pester\Functions\Assertions\BeOfType.Tests.ps1">
    <results>
      <test-suite type="TestFixture" name="PesterBeOfType" executed="True" result="Success" success="False" time="0.19" asserts="0" description="PesterBeOfType">
        <results>
          <test-case description="passes if value is of the expected type" name="PesterBeOfType.passes if value is of the expected type" time="0.1546" asserts="0" success="True" result="Success" executed="True" />
          <test-case description="fails if value is of a different types" name="PesterBeOfType.fails if value is of a different types" time="0.0185" asserts="0" success="True" result="Success" executed="True" />
          <test-case description="fails if type isn't a type" name="PesterBeOfType.fails if type isn't a type" time="0.0169" asserts="0" success="True" result="Success" executed="True" />
        </results>
      </test-suite>
    </results>
  </test-suite>
  <test-suite type="TestFixture" name="C:\Users\Dave\Documents\GitHub\pester\Functions\Assertions\Contain.Tests.ps1" executed="True" result="Success" success="False" time="0.4237" asserts="0" description="C:\Users\Dave\Documents\GitHub\pester\Functions\Assertions\Contain.Tests.ps1">
    <results>
      <test-suite type="TestFixture" name="PesterContain" executed="True" result="Success" success="False" time="0.4237" asserts="0" description="PesterContain">
        <results>
          <test-suite type="TestFixture" name="when testing file contents" executed="True" result="Success" success="False" time="0.4237" asserts="0" description="when testing file contents">
            <results>
              <test-case description="returns true if the file contains the specified content" name="PesterContain.when testing file contents.returns true if the file contains the specified content" time="0.3775" asserts="0" success="True" result="Success" executed="True" />
              <test-case description="returns true if the file contains the specified content with different case" name="PesterContain.when testing file contents.returns true if the file contains the specified content with different case" time="0.0143" asserts="0" success="True" result="Success" executed="True" />
              <test-case description="returns false if the file does not contain the specified content" name="PesterContain.when testing file contents.returns false if the file does not contain the specified content" time="0.0155" asserts="0" success="True" result="Success" executed="True" />
              <test-case description="returns true if the file contains the specified UTF8 content" name="PesterContain.when testing file contents.returns true if the file contains the specified UTF8 content" time="0.0164" asserts="0" success="True" result="Success" executed="True" />
            </results>
          </test-suite>
        </results>
      </test-suite>
    </results>
  </test-suite>
  <test-suite type="TestFixture" name="C:\Users\Dave\Documents\GitHub\pester\Functions\Assertions\ContainExactly.Tests.ps1" executed="True" result="Success" success="False" time="0.5062" asserts="0" description="C:\Users\Dave\Documents\GitHub\pester\Functions\Assertions\ContainExactly.Tests.ps1">
    <results>
      <test-suite type="TestFixture" name="PesterContainExactly" executed="True" result="Success" success="False" time="0.5062" asserts="0" description="PesterContainExactly">
        <results>
          <test-suite type="TestFixture" name="when testing file contents" executed="True" result="Success" success="False" time="0.5062" asserts="0" description="when testing file contents">
            <results>
              <test-case description="returns true if the file contains the specified content exactly" name="PesterContainExactly.when testing file contents.returns true if the file contains the specified content exactly" time="0.4693" asserts="0" success="True" result="Success" executed="True" />
              <test-case description="returns false if the file does not contain the specified content exactly" name="PesterContainExactly.when testing file contents.returns false if the file does not contain the specified content exactly" time="0.0148" asserts="0" success="True" result="Success" executed="True" />
              <test-case description="returns true if the file contains the specified Unicode content exactyle" name="PesterContainExactly.when testing file contents.returns true if the file contains the specified Unicode content exactyle" time="0.0221" asserts="0" success="True" result="Success" executed="True" />
            </results>
          </test-suite>
        </results>
      </test-suite>
    </results>
  </test-suite>
  <test-suite type="TestFixture" name="C:\Users\Dave\Documents\GitHub\pester\Functions\Assertions\ContainMultiline.Tests.ps1" executed="True" result="Success" success="False" time="0.5132" asserts="0" description="C:\Users\Dave\Documents\GitHub\pester\Functions\Assertions\ContainMultiline.Tests.ps1">
    <results>
      <test-suite type="TestFixture" name="PesterContainMultiline" executed="True" result="Success" success="False" time="0.5132" asserts="0" description="PesterContainMultiline">
        <results>
          <test-suite type="TestFixture" name="when testing file contents" executed="True" result="Success" success="False" time="0.5132" asserts="0" description="when testing file contents">
            <results>
              <test-case description="returns true if the file matches the specified content on one line" name="PesterContainMultiline.when testing file contents.returns true if the file matches the specified content on one line" time="0.4856" asserts="0" success="True" result="Success" executed="True" />
              <test-case description="returns true if the file matches the specified content across multiple lines" name="PesterContainMultiline.when testing file contents.returns true if the file matches the specified content across multiple lines" time="0.0129" asserts="0" success="True" result="Success" executed="True" />
              <test-case description="returns false if the file does not contain the specified content" name="PesterContainMultiline.when testing file contents.returns false if the file does not contain the specified content" time="0.0147" asserts="0" success="True" result="Success" executed="True" />
            </results>
          </test-suite>
        </results>
      </test-suite>
    </results>
  </test-suite>
  <test-suite type="TestFixture" name="C:\Users\Dave\Documents\GitHub\pester\Functions\Assertions\Exist.Tests.ps1" executed="True" result="Success" success="False" time="0.3387" asserts="0" description="C:\Users\Dave\Documents\GitHub\pester\Functions\Assertions\Exist.Tests.ps1">
    <results>
      <test-suite type="TestFixture" name="PesterExist" executed="True" result="Success" success="False" time="0.3387" asserts="0" description="PesterExist">
        <results>
          <test-case description="returns true for paths that exist" name="PesterExist.returns true for paths that exist" time="0.2678" asserts="0" success="True" result="Success" executed="True" />
          <test-case description="returns false for paths do not exist" name="PesterExist.returns false for paths do not exist" time="0.0139" asserts="0" success="True" result="Success" executed="True" />
          <test-case description="works for path with escaped [ ] characters" name="PesterExist.works for path with escaped [ ] characters" time="0.0158" asserts="0" success="True" result="Success" executed="True" />
          <test-case description="returns correct result for function drive" name="PesterExist.returns correct result for function drive" time="0.0137" asserts="0" success="True" result="Success" executed="True" />
          <test-case description="returns correct result for env drive" name="PesterExist.returns correct result for env drive" time="0.015" asserts="0" success="True" result="Success" executed="True" />
          <test-case description="returns correct result for env drive" name="PesterExist.returns correct result for env drive" time="0.0125" asserts="0" success="True" result="Success" executed="True" />
        </results>
      </test-suite>
    </results>
  </test-suite>
  <test-suite type="TestFixture" name="C:\Users\Dave\Documents\GitHub\pester\Functions\Assertions\Match.Tests.ps1" executed="True" result="Success" success="False" time="0.1962" asserts="0" description="C:\Users\Dave\Documents\GitHub\pester\Functions\Assertions\Match.Tests.ps1">
    <results>
      <test-suite type="TestFixture" name="Match" executed="True" result="Success" success="False" time="0.1962" asserts="0" description="Match">
        <results>
          <test-case description="returns true for things that match" name="Match.returns true for things that match" time="0.1536" asserts="0" success="True" result="Success" executed="True" />
          <test-case description="returns false for things that do not match" name="Match.returns false for things that do not match" time="0.0151" asserts="0" success="True" result="Success" executed="True" />
          <test-case description="passes for strings with different case" name="Match.passes for strings with different case" time="0.0124" asserts="0" success="True" result="Success" executed="True" />
          <test-case description="uses regular expressions" name="Match.uses regular expressions" time="0.0151" asserts="0" success="True" result="Success" executed="True" />
        </results>
      </test-suite>
    </results>
  </test-suite>
  <test-suite type="TestFixture" name="C:\Users\Dave\Documents\GitHub\pester\Functions\Assertions\MatchExactly.Tests.ps1" executed="True" result="Success" success="False" time="0.1805" asserts="0" description="C:\Users\Dave\Documents\GitHub\pester\Functions\Assertions\MatchExactly.Tests.ps1">
    <results>
      <test-suite type="TestFixture" name="MatchExactly" executed="True" result="Success" success="False" time="0.1805" asserts="0" description="MatchExactly">
        <results>
          <test-case description="returns true for things that match exactly" name="MatchExactly.returns true for things that match exactly" time="0.154" asserts="0" success="True" result="Success" executed="True" />
          <test-case description="returns false for things that do not match exactly" name="MatchExactly.returns false for things that do not match exactly" time="0.0133" asserts="0" success="True" result="Success" executed="True" />
          <test-case description="uses regular expressions" name="MatchExactly.uses regular expressions" time="0.0132" asserts="0" success="True" result="Success" executed="True" />
        </results>
      </test-suite>
    </results>
  </test-suite>
  <test-suite type="TestFixture" name="C:\Users\Dave\Documents\GitHub\pester\Functions\Assertions\PesterThrow.Tests.ps1" executed="True" result="Success" success="False" time="1.1982" asserts="0" description="C:\Users\Dave\Documents\GitHub\pester\Functions\Assertions\PesterThrow.Tests.ps1">
    <results>
      <test-suite type="TestFixture" name="PesterThrow" executed="True" result="Success" success="False" time="0.4306" asserts="0" description="PesterThrow">
        <results>
          <test-case description="returns true if the statement throws an exception" name="PesterThrow.returns true if the statement throws an exception" time="0.1813" asserts="0" success="True" result="Success" executed="True" />
          <test-case description="returns false if the statement does not throw an exception" name="PesterThrow.returns false if the statement does not throw an exception" time="0.0286" asserts="0" success="True" result="Success" executed="True" />
          <test-case description="returns true if the statement throws an exception and the actual error text matches the expected error text" name="PesterThrow.returns true if the statement throws an exception and the actual error text matches the expected error text" time="0.0205" asserts="0" success="True" result="Success" executed="True" />
          <test-case description="returns false if the statement throws an exception and the actual error does not match the expected error text" name="PesterThrow.returns false if the statement throws an exception and the actual error does not match the expected error text" time="0.0198" asserts="0" success="True" result="Success" executed="True" />
          <test-case description="returns true if the statement throws an exception and the actual error text matches the expected error pattern" name="PesterThrow.returns true if the statement throws an exception and the actual error text matches the expected error pattern" time="0.0266" asserts="0" success="True" result="Success" executed="True" />
          <test-case description="returns true if the statement throws an exception and the actual fully-qualified error id matches the expected error id" name="PesterThrow.returns true if the statement throws an exception and the actual fully-qualified error id matches the expected error id" time="0.0224" asserts="0" success="True" result="Success" executed="True" />
          <test-case description="returns false if the statement throws an exception and the actual fully-qualified error id does not match the expected error id" name="PesterThrow.returns false if the statement throws an exception and the actual fully-qualified error id does not match the expected error id" time="0.018" asserts="0" success="True" result="Success" executed="True" />
          <test-case description="returns true if the statement throws an exception and the actual error text and the fully-qualified error id match the expected error text and error id" name="PesterThrow.returns true if the statement throws an exception and the actual error text and the fully-qualified error id match the expected error text and error id" time="0.0244" asserts="0" success="True" result="Success" executed="True" />
          <test-case description="returns false if the statement throws an exception and the actual error text and fully-qualified error id do not match the expected error text and error id" name="PesterThrow.returns false if the statement throws an exception and the actual error text and fully-qualified error id do not match the expected error text and error id" time="0.0228" asserts="0" success="True" result="Success" executed="True" />
          <test-case description="returns false if the statement throws an exception and the actual fully-qualified error id does not match the expected error id when the actual error text does match the expected error text" name="PesterThrow.returns false if the statement throws an exception and the actual fully-qualified error id does not match the expected error id when the actual error text does match the expected error text" time="0.0206" asserts="0" success="True" result="Success" executed="True" />
          <test-case description="returns false if the statement throws an exception and the actual error text does not match the expected error text when the actual error id does match the expected error id" name="PesterThrow.returns false if the statement throws an exception and the actual error text does not match the expected error text when the actual error id does match the expected error id" time="0.0192" asserts="0" success="True" result="Success" executed="True" />
          <test-case description="throws ArgumentException if null ScriptBlock is provided" name="PesterThrow.throws ArgumentException if null ScriptBlock is provided" time="0.0264" asserts="0" success="True" result="Success" executed="True" />
        </results>
      </test-suite>
      <test-suite type="TestFixture" name="Get-DoMessagesMatch" executed="True" result="Success" success="False" time="0.1805" asserts="0" description="Get-DoMessagesMatch">
        <results>
          <test-case description="returns true if the actual message is the same as the expected message" name="Get-DoMessagesMatch.returns true if the actual message is the same as the expected message" time="0.135" asserts="0" success="True" result="Success" executed="True" />
          <test-case description="returns false if the actual message is not the same as the expected message" name="Get-DoMessagesMatch.returns false if the actual message is not the same as the expected message" time="0.0177" asserts="0" success="True" result="Success" executed="True" />
          <test-case description="returns false is there's no expectation" name="Get-DoMessagesMatch.returns false is there's no expectation" time="0.015" asserts="0" success="True" result="Success" executed="True" />
          <test-case description="returns true if the expected error is contained in the actual message" name="Get-DoMessagesMatch.returns true if the expected error is contained in the actual message" time="0.0128" asserts="0" success="True" result="Success" executed="True" />
        </results>
      </test-suite>
      <test-suite type="TestFixture" name="PesterThrowFailureMessage" executed="True" result="Success" success="False" time="0.3531" asserts="0" description="PesterThrowFailureMessage">
        <results>
          <test-case description="returns false if the actual message is not the same as the expected message" name="PesterThrowFailureMessage.returns false if the actual message is not the same as the expected message" time="0.1799" asserts="0" success="True" result="Success" executed="True" />
          <test-case description="returns true if the actual message is the same as the expected message" name="PesterThrowFailureMessage.returns true if the actual message is the same as the expected message" time="0.024" asserts="0" success="True" result="Success" executed="True" />
          <test-case description="returns false if the actual error id is not the same as the expected error id" name="PesterThrowFailureMessage.returns false if the actual error id is not the same as the expected error id" time="0.0307" asserts="0" success="True" result="Success" executed="True" />
          <test-case description="returns true if the actual error id is the same as the expected error id" name="PesterThrowFailureMessage.returns true if the actual error id is the same as the expected error id" time="0.0287" asserts="0" success="True" result="Success" executed="True" />
          <test-case description="returns false if the actual message and error id are not the same as the expected message and error id" name="PesterThrowFailureMessage.returns false if the actual message and error id are not the same as the expected message and error id" time="0.0296" asserts="0" success="True" result="Success" executed="True" />
          <test-case description="returns false if the actual message is not the same as the expected message when the actual error id and expected error id match" name="PesterThrowFailureMessage.returns false if the actual message is not the same as the expected message when the actual error id and expected error id match" time="0.031" asserts="0" success="True" result="Success" executed="True" />
          <test-case description="returns false if the actual error id is not the same as the expected error id when the actual message and expected message match" name="PesterThrowFailureMessage.returns false if the actual error id is not the same as the expected error id when the actual message and expected message match" time="0.0293" asserts="0" success="True" result="Success" executed="True" />
        </results>
      </test-suite>
      <test-suite type="TestFixture" name="NotPesterThrowFailureMessage" executed="True" result="Success" success="False" time="0.2339" asserts="0" description="NotPesterThrowFailureMessage">
        <results>
          <test-case description="returns false if the actual message is not the same as the expected message" name="NotPesterThrowFailureMessage.returns false if the actual message is not the same as the expected message" time="0.1456" asserts="0" success="True" result="Success" executed="True" />
          <test-case description="returns true if the actual message is the same as the expected message" name="NotPesterThrowFailureMessage.returns true if the actual message is the same as the expected message" time="0.0281" asserts="0" success="True" result="Success" executed="True" />
          <test-case description="returns false if the actual error id is the same as the expected error id" name="NotPesterThrowFailureMessage.returns false if the actual error id is the same as the expected error id" time="0.032" asserts="0" success="True" result="Success" executed="True" />
          <test-case description="returns false if the actual message or actual error id is the same as the expected message or expected error id" name="NotPesterThrowFailureMessage.returns false if the actual message or actual error id is the same as the expected message or expected error id" time="0.0283" asserts="0" success="True" result="Success" executed="True" />
        </results>
      </test-suite>
    </results>
  </test-suite>
  <test-suite type="TestFixture" name="C:\Users\Dave\Documents\GitHub\pester\Functions\Assertions\Should.Tests.ps1" executed="True" result="Success" success="False" time="2.2519" asserts="0" description="C:\Users\Dave\Documents\GitHub\pester\Functions\Assertions\Should.Tests.ps1">
    <results>
      <test-suite type="TestFixture" name="Parse-ShouldArgs" executed="True" result="Success" success="False" time="0.5449" asserts="0" description="Parse-ShouldArgs">
        <results>
          <test-suite type="TestFixture" name="for positive assertions" executed="True" result="Success" success="False" time="0.1399" asserts="0" description="for positive assertions">
            <results>
              <test-case description="gets the expected value from the 2nd argument" name="Parse-ShouldArgs.for positive assertions.gets the expected value from the 2nd argument" time="0.1253" asserts="0" success="True" result="Success" executed="True" />
              <test-case description="marks the args as a positive assertion" name="Parse-ShouldArgs.for positive assertions.marks the args as a positive assertion" time="0.0146" asserts="0" success="True" result="Success" executed="True" />
            </results>
          </test-suite>
          <test-suite type="TestFixture" name="for negative assertions" executed="True" result="Success" success="False" time="0.2285" asserts="0" description="for negative assertions">
            <results>
              <test-case description="gets the expected value from the third argument" name="Parse-ShouldArgs.for negative assertions.gets the expected value from the third argument" time="0.2165" asserts="0" success="True" result="Success" executed="True" />
              <test-case description="marks the args as a negative assertion" name="Parse-ShouldArgs.for negative assertions.marks the args as a negative assertion" time="0.012" asserts="0" success="True" result="Success" executed="True" />
            </results>
          </test-suite>
          <test-case description="identifies assertion functions" name="Parse-ShouldArgs.identifies assertion functions" time="0.1567" asserts="0" success="True" result="Success" executed="True" />
          <test-case description="works with strict mode when using 'switch' style tests" name="Parse-ShouldArgs.works with strict mode when using 'switch' style tests" time="0.0197" asserts="0" success="True" result="Success" executed="True" />
        </results>
      </test-suite>
      <test-suite type="TestFixture" name="Should" executed="True" result="Success" success="False" time="1.707" asserts="0" description="Should">
        <results>
          <test-case description="can use the Be assertion" name="Should.can use the Be assertion" time="0.2315" asserts="0" success="True" result="Success" executed="True" />
          <test-case description="can use the Not Be assertion" name="Should.can use the Not Be assertion" time="0.0194" asserts="0" success="True" result="Success" executed="True" />
          <test-case description="can use the BeNullOrEmpty assertion" name="Should.can use the BeNullOrEmpty assertion" time="0.0162" asserts="0" success="True" result="Success" executed="True" />
          <test-case description="can use the Not BeNullOrEmpty assertion" name="Should.can use the Not BeNullOrEmpty assertion" time="0.0272" asserts="0" success="True" result="Success" executed="True" />
          <test-case description="can handle exception thrown assertions" name="Should.can handle exception thrown assertions" time="1.129" asserts="0" success="True" result="Success" executed="True" />
          <test-case description="can handle exception should not be thrown assertions" name="Should.can handle exception should not be thrown assertions" time="0.0287" asserts="0" success="True" result="Success" executed="True" />
          <test-case description="can handle Exist assertion" name="Should.can handle Exist assertion" time="0.0128" asserts="0" success="True" result="Success" executed="True" />
          <test-case description="can handle the Match assertion" name="Should.can handle the Match assertion" time="0.0159" asserts="0" success="True" result="Success" executed="True" />
          <test-case description="can test for file contents" name="Should.can test for file contents" time="0.1357" asserts="0" success="True" result="Success" executed="True" />
          <test-case description="ensures all assertion functions provide failure messages" name="Should.ensures all assertion functions provide failure messages" time="0.0468" asserts="0" success="True" result="Success" executed="True" />
          <test-case description="can process functions with empty output as input" name="Should.can process functions with empty output as input" time="0.0437" asserts="0" success="True" result="Success" executed="True" />
        </results>
      </test-suite>
    </results>
  </test-suite>
  <test-suite type="TestFixture" name="C:\Users\Dave\Documents\GitHub\pester\Functions\BreakAndContinue.Tests.ps1" executed="True" result="Success" success="False" time="0.565" asserts="0" description="C:\Users\Dave\Documents\GitHub\pester\Functions\BreakAndContinue.Tests.ps1">
    <results>
      <test-suite type="TestFixture" name="Clean handling of break and continue" executed="True" result="Success" success="False" time="0.565" asserts="0" description="Clean handling of break and continue">
        <results>
          <test-suite type="TestFixture" name="Break" executed="True" result="Success" success="False" time="0" asserts="0" description="Break">
            <results />
          </test-suite>
          <test-suite type="TestFixture" name="Continue" executed="True" result="Success" success="False" time="0" asserts="0" description="Continue">
            <results />
          </test-suite>
          <test-case description="Did not abort the whole test run" name="Clean handling of break and continue.Did not abort the whole test run" time="0.565" asserts="0" success="True" result="Success" executed="True" />
        </results>
      </test-suite>
    </results>
  </test-suite>
  <test-suite type="TestFixture" name="C:\Users\Dave\Documents\GitHub\pester\Functions\Context.Tests.ps1" executed="True" result="Success" success="False" time="1.5076" asserts="0" description="C:\Users\Dave\Documents\GitHub\pester\Functions\Context.Tests.ps1">
    <results>
      <test-suite type="TestFixture" name="Testing Context" executed="True" result="Success" success="False" time="0.2049" asserts="0" description="Testing Context">
        <results>
          <test-case description="Has a non-mandatory fixture parameter which throws the proper error message if missing" name="Testing Context.Has a non-mandatory fixture parameter which throws the proper error message if missing" time="0.2049" asserts="0" success="True" result="Success" executed="True" />
        </results>
      </test-suite>
      <test-suite type="TestFixture" name="Context - Implementation" executed="True" result="Success" success="False" time="1.3027" asserts="0" description="Context - Implementation">
        <results>
          <test-suite type="TestFixture" name="Handling errors in the Fixture" executed="True" result="Success" success="False" time="0.5384" asserts="0" description="Handling errors in the Fixture">
            <results>
              <test-case description="Does not rethrow terminating exceptions from the Fixture block" name="Context - Implementation.Handling errors in the Fixture.Does not rethrow terminating exceptions from the Fixture block" time="0.4918" asserts="0" success="True" result="Success" executed="True" />
              <test-case description="Adds a failed test result when errors occur in the Context block" name="Context - Implementation.Handling errors in the Fixture.Adds a failed test result when errors occur in the Context block" time="0.0219" asserts="0" success="True" result="Success" executed="True" />
              <test-case description="Does not attempt to run the rest of the Context block after the error occurs" name="Context - Implementation.Handling errors in the Fixture.Does not attempt to run the rest of the Context block after the error occurs" time="0.0247" asserts="0" success="True" result="Success" executed="True" />
            </results>
          </test-suite>
          <test-suite type="TestFixture" name="Calls to the output blocks" executed="True" result="Success" success="False" time="0.7643" asserts="0" description="Calls to the output blocks">
            <results>
              <test-case description="Calls the Context output block once, and does not call the test output block when no errors occur" name="Context - Implementation.Calls to the output blocks.Calls the Context output block once, and does not call the test output block when no errors occur" time="0.4948" asserts="0" success="True" result="Success" executed="True" />
              <test-case description="Calls the Context output block once, and the test output block once if an error occurs." name="Context - Implementation.Calls to the output blocks.Calls the Context output block once, and the test output block once if an error occurs." time="0.2695" asserts="0" success="True" result="Success" executed="True" />
            </results>
          </test-suite>
        </results>
      </test-suite>
    </results>
  </test-suite>
  <test-suite type="TestFixture" name="C:\Users\Dave\Documents\GitHub\pester\Functions\Coverage.Tests.ps1" executed="True" result="Success" success="False" time="4.1592" asserts="0" description="C:\Users\Dave\Documents\GitHub\pester\Functions\Coverage.Tests.ps1">
    <results>
      <test-suite type="TestFixture" name="Code Coverage Analysis" executed="True" result="Success" success="False" time="2.2899" asserts="0" description="Code Coverage Analysis">
        <results>
          <test-suite type="TestFixture" name="Entire file" executed="True" result="Success" success="False" time="0.8311" asserts="0" description="Entire file">
            <results>
              <test-case description="Has the proper number of breakpoints defined" name="Code Coverage Analysis.Entire file.Has the proper number of breakpoints defined" time="0.6814" asserts="0" success="True" result="Success" executed="True" />
              <test-case description="Reports the proper number of executed commands" name="Code Coverage Analysis.Entire file.Reports the proper number of executed commands" time="0.0449" asserts="0" success="True" result="Success" executed="True" />
              <test-case description="Reports the proper number of analyzed commands" name="Code Coverage Analysis.Entire file.Reports the proper number of analyzed commands" time="0.0258" asserts="0" success="True" result="Success" executed="True" />
              <test-case description="Reports the proper number of analyzed files" name="Code Coverage Analysis.Entire file.Reports the proper number of analyzed files" time="0.015" asserts="0" success="True" result="Success" executed="True" />
              <test-case description="Reports the proper number of missed commands" name="Code Coverage Analysis.Entire file.Reports the proper number of missed commands" time="0.0168" asserts="0" success="True" result="Success" executed="True" />
              <test-case description="Reports the correct missed command" name="Code Coverage Analysis.Entire file.Reports the correct missed command" time="0.0158" asserts="0" success="True" result="Success" executed="True" />
              <test-case description="Reports the proper number of hit commands" name="Code Coverage Analysis.Entire file.Reports the proper number of hit commands" time="0.0171" asserts="0" success="True" result="Success" executed="True" />
              <test-case description="Reports the correct hit command" name="Code Coverage Analysis.Entire file.Reports the correct hit command" time="0.0142" asserts="0" success="True" result="Success" executed="True" />
            </results>
          </test-suite>
          <test-suite type="TestFixture" name="Single function with missed commands" executed="True" result="Success" success="False" time="0.3654" asserts="0" description="Single function with missed commands">
            <results>
              <test-case description="Has the proper number of breakpoints defined" name="Code Coverage Analysis.Single function with missed commands.Has the proper number of breakpoints defined" time="0.2808" asserts="0" success="True" result="Success" executed="True" />
              <test-case description="Reports the proper number of executed commands" name="Code Coverage Analysis.Single function with missed commands.Reports the proper number of executed commands" time="0.0331" asserts="0" success="True" result="Success" executed="True" />
              <test-case description="Reports the proper number of analyzed commands" name="Code Coverage Analysis.Single function with missed commands.Reports the proper number of analyzed commands" time="0.0125" asserts="0" success="True" result="Success" executed="True" />
              <test-case description="Reports the proper number of missed commands" name="Code Coverage Analysis.Single function with missed commands.Reports the proper number of missed commands" time="0.0117" asserts="0" success="True" result="Success" executed="True" />
              <test-case description="Reports the correct missed command" name="Code Coverage Analysis.Single function with missed commands.Reports the correct missed command" time="0.0113" asserts="0" success="True" result="Success" executed="True" />
              <test-case description="Reports the proper number of hit commands" name="Code Coverage Analysis.Single function with missed commands.Reports the proper number of hit commands" time="0.0161" asserts="0" success="True" result="Success" executed="True" />
            </results>
          </test-suite>
          <test-suite type="TestFixture" name="Single function with no missed commands" executed="True" result="Success" success="False" time="0.386" asserts="0" description="Single function with no missed commands">
            <results>
              <test-case description="Has the proper number of breakpoints defined" name="Code Coverage Analysis.Single function with no missed commands.Has the proper number of breakpoints defined" time="0.2634" asserts="0" success="True" result="Success" executed="True" />
              <test-case description="Reports the proper number of executed commands" name="Code Coverage Analysis.Single function with no missed commands.Reports the proper number of executed commands" time="0.016" asserts="0" success="True" result="Success" executed="True" />
              <test-case description="Reports the proper number of analyzed commands" name="Code Coverage Analysis.Single function with no missed commands.Reports the proper number of analyzed commands" time="0.024" asserts="0" success="True" result="Success" executed="True" />
              <test-case description="Reports the proper number of missed commands" name="Code Coverage Analysis.Single function with no missed commands.Reports the proper number of missed commands" time="0.0348" asserts="0" success="True" result="Success" executed="True" />
              <test-case description="Reports the proper number of hit commands" name="Code Coverage Analysis.Single function with no missed commands.Reports the proper number of hit commands" time="0.0227" asserts="0" success="True" result="Success" executed="True" />
              <test-case description="Reports the correct hit command" name="Code Coverage Analysis.Single function with no missed commands.Reports the correct hit command" time="0.0251" asserts="0" success="True" result="Success" executed="True" />
            </results>
          </test-suite>
          <test-suite type="TestFixture" name="Range of lines" executed="True" result="Success" success="False" time="0.3396" asserts="0" description="Range of lines">
            <results>
              <test-case description="Has the proper number of breakpoints defined" name="Code Coverage Analysis.Range of lines.Has the proper number of breakpoints defined" time="0.263" asserts="0" success="True" result="Success" executed="True" />
              <test-case description="Reports the proper number of executed commands" name="Code Coverage Analysis.Range of lines.Reports the proper number of executed commands" time="0.0222" asserts="0" success="True" result="Success" executed="True" />
              <test-case description="Reports the proper number of analyzed commands" name="Code Coverage Analysis.Range of lines.Reports the proper number of analyzed commands" time="0.017" asserts="0" success="True" result="Success" executed="True" />
              <test-case description="Reports the proper number of missed commands" name="Code Coverage Analysis.Range of lines.Reports the proper number of missed commands" time="0.0109" asserts="0" success="True" result="Success" executed="True" />
              <test-case description="Reports the proper number of hit commands" name="Code Coverage Analysis.Range of lines.Reports the proper number of hit commands" time="0.0129" asserts="0" success="True" result="Success" executed="True" />
              <test-case description="Reports the correct hit command" name="Code Coverage Analysis.Range of lines.Reports the correct hit command" time="0.0136" asserts="0" success="True" result="Success" executed="True" />
            </results>
          </test-suite>
          <test-suite type="TestFixture" name="Wildcard resolution" executed="True" result="Success" success="False" time="0.3678" asserts="0" description="Wildcard resolution">
            <results>
              <test-case description="Has the proper number of breakpoints defined" name="Code Coverage Analysis.Wildcard resolution.Has the proper number of breakpoints defined" time="0.245" asserts="0" success="True" result="Success" executed="True" />
              <test-case description="Reports the proper number of executed commands" name="Code Coverage Analysis.Wildcard resolution.Reports the proper number of executed commands" time="0.0146" asserts="0" success="True" result="Success" executed="True" />
              <test-case description="Reports the proper number of analyzed commands" name="Code Coverage Analysis.Wildcard resolution.Reports the proper number of analyzed commands" time="0.0191" asserts="0" success="True" result="Success" executed="True" />
              <test-case description="Reports the proper number of analyzed files" name="Code Coverage Analysis.Wildcard resolution.Reports the proper number of analyzed files" time="0.0103" asserts="0" success="True" result="Success" executed="True" />
              <test-case description="Reports the proper number of missed commands" name="Code Coverage Analysis.Wildcard resolution.Reports the proper number of missed commands" time="0.0098" asserts="0" success="True" result="Success" executed="True" />
              <test-case description="Reports the correct missed command" name="Code Coverage Analysis.Wildcard resolution.Reports the correct missed command" time="0.0144" asserts="0" success="True" result="Success" executed="True" />
              <test-case description="Reports the proper number of hit commands" name="Code Coverage Analysis.Wildcard resolution.Reports the proper number of hit commands" time="0.0305" asserts="0" success="True" result="Success" executed="True" />
              <test-case description="Reports the correct hit command" name="Code Coverage Analysis.Wildcard resolution.Reports the correct hit command" time="0.024" asserts="0" success="True" result="Success" executed="True" />
            </results>
          </test-suite>
        </results>
      </test-suite>
      <test-suite type="TestFixture" name="Stripping common parent paths" executed="True" result="Success" success="False" time="0.4859" asserts="0" description="Stripping common parent paths">
        <results>
          <test-case description="Identifies the correct parent path" name="Stripping common parent paths.Identifies the correct parent path" time="0.4724" asserts="0" success="True" result="Success" executed="True" />
          <test-case description="Strips the common path correctly" name="Stripping common parent paths.Strips the common path correctly" time="0.0135" asserts="0" success="True" result="Success" executed="True" />
        </results>
      </test-suite>
      <test-suite type="TestFixture" name="Analyzing coverage of a DSC configuration" executed="True" result="Success" success="False" time="1.3835" asserts="0" description="Analyzing coverage of a DSC configuration">
        <results>
          <test-case description="Has the proper number of breakpoints defined" name="Analyzing coverage of a DSC configuration.Has the proper number of breakpoints defined" time="0.5102" asserts="0" success="True" result="Success" executed="True" />
          <test-case description="Reports the proper number of missed commands before running the configuration" name="Analyzing coverage of a DSC configuration.Reports the proper number of missed commands before running the configuration" time="0.0405" asserts="0" success="True" result="Success" executed="True" />
          <test-case description="Reports the proper number of missed commands after running the configuration" name="Analyzing coverage of a DSC configuration.Reports the proper number of missed commands after running the configuration" time="0.8328" asserts="0" success="True" result="Success" executed="True" />
        </results>
      </test-suite>
    </results>
  </test-suite>
  <test-suite type="TestFixture" name="C:\Users\Dave\Documents\GitHub\pester\Functions\Describe.Tests.ps1" executed="True" result="Success" success="False" time="4.0642" asserts="0" description="C:\Users\Dave\Documents\GitHub\pester\Functions\Describe.Tests.ps1">
    <results>
      <test-suite type="TestFixture" name="Testing Describe" executed="True" result="Success" success="False" time="0.2555" asserts="0" description="Testing Describe">
        <results>
          <test-case description="Has a non-mandatory fixture parameter which throws the proper error message if missing" name="Testing Describe.Has a non-mandatory fixture parameter which throws the proper error message if missing" time="0.2555" asserts="0" success="True" result="Success" executed="True" />
        </results>
      </test-suite>
      <test-suite type="TestFixture" name="Describe - Implementation" executed="True" result="Success" success="False" time="3.8087" asserts="0" description="Describe - Implementation">
        <results>
          <test-suite type="TestFixture" name="Handling errors in the Fixture" executed="True" result="Success" success="False" time="0.6107" asserts="0" description="Handling errors in the Fixture">
            <results>
              <test-case description="Does not rethrow terminating exceptions from the Fixture block" name="Describe - Implementation.Handling errors in the Fixture.Does not rethrow terminating exceptions from the Fixture block" time="0.573" asserts="0" success="True" result="Success" executed="True" />
              <test-case description="Adds a failed test result when errors occur in the Describe block" name="Describe - Implementation.Handling errors in the Fixture.Adds a failed test result when errors occur in the Describe block" time="0.024" asserts="0" success="True" result="Success" executed="True" />
              <test-case description="Does not attempt to run the rest of the Describe block after the error occurs" name="Describe - Implementation.Handling errors in the Fixture.Does not attempt to run the rest of the Describe block after the error occurs" time="0.0137" asserts="0" success="True" result="Success" executed="True" />
            </results>
          </test-suite>
          <test-suite type="TestFixture" name="Calls to the output blocks" executed="True" result="Success" success="False" time="0.7352" asserts="0" description="Calls to the output blocks">
            <results>
              <test-case description="Calls the Describe output block once, and does not call the test output block when no errors occur" name="Describe - Implementation.Calls to the output blocks.Calls the Describe output block once, and does not call the test output block when no errors occur" time="0.4837" asserts="0" success="True" result="Success" executed="True" />
              <test-case description="Calls the Describe output block once, and the test output block once if an error occurs." name="Describe - Implementation.Calls to the output blocks.Calls the Describe output block once, and the test output block once if an error occurs." time="0.2515" asserts="0" success="True" result="Success" executed="True" />
            </results>
          </test-suite>
          <test-suite type="TestFixture" name="Test Name Filter" executed="True" result="Success" success="False" time="0.9943" asserts="0" description="Test Name Filter">
            <results>
              <test-suite type="ParameterizedTest" name="Calls the test block when the test name &lt;Description&gt;" executed="True" result="Success" success="False" time="0.9702" asserts="0" description="Calls the test block when the test name &lt;Description&gt;">
                <results>
                  <test-case description="Calls the test block when the test name matches a wildcard" name="Describe - Implementation.Test Name Filter.Calls the test block when the test name matches a wildcard" time="0.4947" asserts="0" success="True" result="Success" executed="True" />
                  <test-case description="Calls the test block when the test name matches exactly" name="Describe - Implementation.Test Name Filter.Calls the test block when the test name matches exactly" time="0.2348" asserts="0" success="True" result="Success" executed="True" />
                  <test-case description="Calls the test block when the test name matches ignoring case" name="Describe - Implementation.Test Name Filter.Calls the test block when the test name matches ignoring case" time="0.2407" asserts="0" success="True" result="Success" executed="True" />
                </results>
              </test-suite>
              <test-case description="Does not call the test block when the test name doesn't match a filter" name="Describe - Implementation.Test Name Filter.Does not call the test block when the test name doesn't match a filter" time="0.0241" asserts="0" success="True" result="Success" executed="True" />
            </results>
          </test-suite>
          <test-suite type="TestFixture" name="Tags Filter" executed="True" result="Success" success="False" time="1.4684" asserts="0" description="Tags Filter">
            <results>
              <test-suite type="ParameterizedTest" name="Calls the test block when the tag filter &lt;Description&gt;" executed="True" result="Success" success="False" time="1.4505" asserts="0" description="Calls the test block when the tag filter &lt;Description&gt;">
                <results>
                  <test-case description="Calls the test block when the tag filter matches the first tag exactly" name="Describe - Implementation.Tags Filter.Calls the test block when the tag filter matches the first tag exactly" time="0.5055" asserts="0" success="True" result="Success" executed="True" />
                  <test-case description="Calls the test block when the tag filter matches the second tag exactly" name="Describe - Implementation.Tags Filter.Calls the test block when the tag filter matches the second tag exactly" time="0.2273" asserts="0" success="True" result="Success" executed="True" />
                  <test-case description="Calls the test block when the tag filter matches both tags exactly" name="Describe - Implementation.Tags Filter.Calls the test block when the tag filter matches both tags exactly" time="0.2328" asserts="0" success="True" result="Success" executed="True" />
                  <test-case description="Calls the test block when the tag filter matches the first tag ignoring case" name="Describe - Implementation.Tags Filter.Calls the test block when the tag filter matches the first tag ignoring case" time="0.2433" asserts="0" success="True" result="Success" executed="True" />
                  <test-case description="Calls the test block when the tag filter matches the second tag ignoring case" name="Describe - Implementation.Tags Filter.Calls the test block when the tag filter matches the second tag ignoring case" time="0.2415" asserts="0" success="True" result="Success" executed="True" />
                </results>
              </test-suite>
              <test-case description="Does not call the test block when the test tags don't match the pester state's tags." name="Describe - Implementation.Tags Filter.Does not call the test block when the test tags don't match the pester state's tags." time="0.018" asserts="0" success="True" result="Success" executed="True" />
            </results>
          </test-suite>
        </results>
      </test-suite>
    </results>
  </test-suite>
  <test-suite type="TestFixture" name="C:\Users\Dave\Documents\GitHub\pester\Functions\Gherkin.Tests.ps1" executed="True" result="Success" success="False" time="7.0204" asserts="0" description="C:\Users\Dave\Documents\GitHub\pester\Functions\Gherkin.Tests.ps1">
    <results>
      <test-suite type="TestFixture" name="Invoke-Gerkin" executed="True" result="Success" success="False" time="7.0204" asserts="0" description="Invoke-Gerkin">
        <results>
          <test-case description="Works on the Validator example" name="Invoke-Gerkin.Works on the Validator example" time="6.9478" asserts="0" success="True" result="Success" executed="True" />
          <test-case description="Supports testing only scenarios with certain tags" name="Invoke-Gerkin.Supports testing only scenarios with certain tags" time="0.0138" asserts="0" success="True" result="Success" executed="True" />
          <test-case description="Supports tagging examples" name="Invoke-Gerkin.Supports tagging examples" time="0.0282" asserts="0" success="True" result="Success" executed="True" />
          <test-case description="Supports excluding scenarios by tag" name="Invoke-Gerkin.Supports excluding scenarios by tag" time="0.0177" asserts="0" success="True" result="Success" executed="True" />
          <test-case description="Supports running specific scenarios by name" name="Invoke-Gerkin.Supports running specific scenarios by name" time="0.0129" asserts="0" success="True" result="Success" executed="True" />
        </results>
      </test-suite>
    </results>
  </test-suite>
  <test-suite type="TestFixture" name="C:\Users\Dave\Documents\GitHub\pester\Functions\GherkinHook.Tests.ps1" executed="True" result="Success" success="False" time="0.2654" asserts="0" description="C:\Users\Dave\Documents\GitHub\pester\Functions\GherkinHook.Tests.ps1">
    <results>
      <test-suite type="TestFixture" name="Testing Gerkin Hook" executed="True" result="Success" success="False" time="0.2654" asserts="0" description="Testing Gerkin Hook">
        <results>
          <test-case description="Generates a function named &quot;Hook&quot; with mandatory Tags and Script parameters" name="Testing Gerkin Hook.Generates a function named &quot;Hook&quot; with mandatory Tags and Script parameters" time="0.2" asserts="0" success="True" result="Success" executed="True" />
          <test-case description="Generates aliases BeforeAllFeatures, BeforeFeature, BeforeScenario, BeforeStep, AfterAllFeatures, AfterFeature, AfterScenario, AfterStep" name="Testing Gerkin Hook.Generates aliases BeforeAllFeatures, BeforeFeature, BeforeScenario, BeforeStep, AfterAllFeatures, AfterFeature, AfterScenario, AfterStep" time="0.0237" asserts="0" success="True" result="Success" executed="True" />
          <test-case description="Populates the GherkinHooks module variable" name="Testing Gerkin Hook.Populates the GherkinHooks module variable" time="0.0418" asserts="0" success="True" result="Success" executed="True" />
        </results>
      </test-suite>
    </results>
  </test-suite>
  <test-suite type="TestFixture" name="C:\Users\Dave\Documents\GitHub\pester\Functions\GherkinStep.Tests.ps1" executed="True" result="Success" success="False" time="0.235" asserts="0" description="C:\Users\Dave\Documents\GitHub\pester\Functions\GherkinStep.Tests.ps1">
    <results>
      <test-suite type="TestFixture" name="Testing Gerkin Step" executed="True" result="Success" success="False" time="0.235" asserts="0" description="Testing Gerkin Step">
        <results>
          <test-case description="Generates a function named &quot;When&quot; with mandatory name and test parameters" name="Testing Gerkin Step.Generates a function named &quot;When&quot; with mandatory name and test parameters" time="0.1935" asserts="0" success="True" result="Success" executed="True" />
          <test-case description="Generates aliases And, But, Given, Then for When" name="Testing Gerkin Step.Generates aliases And, But, Given, Then for When" time="0.0164" asserts="0" success="True" result="Success" executed="True" />
          <test-case description="Populates the GherkinSteps module variable" name="Testing Gerkin Step.Populates the GherkinSteps module variable" time="0.0252" asserts="0" success="True" result="Success" executed="True" />
        </results>
      </test-suite>
    </results>
  </test-suite>
  <test-suite type="TestFixture" name="C:\Users\Dave\Documents\GitHub\pester\Functions\GlobalMock-A.Tests.ps1" executed="True" result="Success" success="False" time="0.1713" asserts="0" description="C:\Users\Dave\Documents\GitHub\pester\Functions\GlobalMock-A.Tests.ps1">
    <results>
      <test-suite type="TestFixture" name="Mocking Global Functions - Part One" executed="True" result="Success" success="False" time="0.1713" asserts="0" description="Mocking Global Functions - Part One">
        <results>
          <test-case description="Mocks the global function" name="Mocking Global Functions - Part One.Mocks the global function" time="0.1713" asserts="0" success="True" result="Success" executed="True" />
        </results>
      </test-suite>
    </results>
  </test-suite>
  <test-suite type="TestFixture" name="C:\Users\Dave\Documents\GitHub\pester\Functions\GlobalMock-B.Tests.ps1" executed="True" result="Success" success="False" time="0.142" asserts="0" description="C:\Users\Dave\Documents\GitHub\pester\Functions\GlobalMock-B.Tests.ps1">
    <results>
      <test-suite type="TestFixture" name="Mocking Global Functions - Part Two" executed="True" result="Success" success="False" time="0.142" asserts="0" description="Mocking Global Functions - Part Two">
        <results>
          <test-case description="Restored the global function properly" name="Mocking Global Functions - Part Two.Restored the global function properly" time="0.142" asserts="0" success="True" result="Success" executed="True" />
        </results>
      </test-suite>
    </results>
  </test-suite>
  <test-suite type="TestFixture" name="C:\Users\Dave\Documents\GitHub\pester\Functions\In.Tests.ps1" executed="True" result="Success" success="False" time="0.3102" asserts="0" description="C:\Users\Dave\Documents\GitHub\pester\Functions\In.Tests.ps1">
    <results>
      <test-suite type="TestFixture" name="the In statement" executed="True" result="Success" success="False" time="0.3102" asserts="0" description="the In statement">
        <results>
          <test-case description="executes a command in that directory" name="the In statement.executes a command in that directory" time="0.2821" asserts="0" success="True" result="Success" executed="True" />
          <test-case description="updates the $pwd variable when executed" name="the In statement.updates the $pwd variable when executed" time="0.0282" asserts="0" success="True" result="Success" executed="True" />
        </results>
      </test-suite>
    </results>
  </test-suite>
  <test-suite type="TestFixture" name="C:\Users\Dave\Documents\GitHub\pester\Functions\InModuleScope.Tests.ps1" executed="True" result="Success" success="False" time="1.1282" asserts="0" description="C:\Users\Dave\Documents\GitHub\pester\Functions\InModuleScope.Tests.ps1">
    <results>
      <test-suite type="TestFixture" name="Module scope separation" executed="True" result="Success" success="False" time="0.3673" asserts="0" description="Module scope separation">
        <results>
          <test-suite type="TestFixture" name="When users define variables with the same name as Pester parameters" executed="True" result="Success" success="False" time="0.2503" asserts="0" description="When users define variables with the same name as Pester parameters">
            <results>
              <test-case description="does not hide user variables" name="Module scope separation.When users define variables with the same name as Pester parameters.does not hide user variables" time="0.2503" asserts="0" success="True" result="Success" executed="True" />
            </results>
          </test-suite>
          <test-case description="Does not expose Pester implementation details to the SUT" name="Module scope separation.Does not expose Pester implementation details to the SUT" time="0.117" asserts="0" success="True" result="Success" executed="True" />
        </results>
      </test-suite>
      <test-suite type="TestFixture" name="Executing test code inside a module" executed="True" result="Success" success="False" time="0.761" asserts="0" description="Executing test code inside a module">
        <results>
          <test-case description="Cannot call module internal functions, by default" name="Executing test code inside a module.Cannot call module internal functions, by default" time="0.7002" asserts="0" success="True" result="Success" executed="True" />
          <test-case description="Can call module internal functions using InModuleScope" name="Executing test code inside a module.Can call module internal functions using InModuleScope" time="0.0203" asserts="0" success="True" result="Success" executed="True" />
          <test-case description="Can mock functions inside the module without using Mock -ModuleName" name="Executing test code inside a module.Can mock functions inside the module without using Mock -ModuleName" time="0.0405" asserts="0" success="True" result="Success" executed="True" />
        </results>
      </test-suite>
    </results>
  </test-suite>
  <test-suite type="TestFixture" name="C:\Users\Dave\Documents\GitHub\pester\Functions\It.Tests.ps1" executed="True" result="Success" success="False" time="1.6551" asserts="0" description="C:\Users\Dave\Documents\GitHub\pester\Functions\It.Tests.ps1">
    <results>
      <test-suite type="TestFixture" name="Get-PesterResult" executed="True" result="Success" success="False" time="0" asserts="0" description="Get-PesterResult">
        <results />
      </test-suite>
      <test-suite type="TestFixture" name="It - Implementation" executed="True" result="Success" success="False" time="0.6855" asserts="0" description="It - Implementation">
        <results>
          <test-suite type="TestFixture" name="Parameterized Tests" executed="True" result="Success" success="False" time="0.2267" asserts="0" description="Parameterized Tests">
            <results>
              <test-case description="Creates test result records with the ParameterizedSuiteName property set" name="It - Implementation.Parameterized Tests.Creates test result records with the ParameterizedSuiteName property set" time="0.188" asserts="0" success="True" result="Success" executed="True" />
              <test-case description="Expands parameters in parameterized test suite names" name="It - Implementation.Parameterized Tests.Expands parameters in parameterized test suite names" time="0.0194" asserts="0" success="True" result="Success" executed="True" />
              <test-case description="Logs the proper successes and failures" name="It - Implementation.Parameterized Tests.Logs the proper successes and failures" time="0.0193" asserts="0" success="True" result="Success" executed="True" />
            </results>
          </test-suite>
          <test-case description="Throws an error if you fail to pass in a test block" name="It - Implementation.Throws an error if you fail to pass in a test block" time="0.2842" asserts="0" success="True" result="Success" executed="True" />
          <test-case description="Does not throw an error if It is passed a script block, and adds a successful test result." name="It - Implementation.Does not throw an error if It is passed a script block, and adds a successful test result." time="0.0279" asserts="0" success="True" result="Success" executed="True" />
          <test-case description="Does not throw an error if the -Pending switch is used, and no script block is passed" name="It - Implementation.Does not throw an error if the -Pending switch is used, and no script block is passed" time="0.0199" asserts="0" success="True" result="Success" executed="True" />
          <test-case description="Does not throw an error if the -Skip switch is used, and no script block is passed" name="It - Implementation.Does not throw an error if the -Skip switch is used, and no script block is passed" time="0.017" asserts="0" success="True" result="Success" executed="True" />
          <test-case description="Does not throw an error if the -Ignore switch is used, and no script block is passed" name="It - Implementation.Does not throw an error if the -Ignore switch is used, and no script block is passed" time="0.0255" asserts="0" success="True" result="Success" executed="True" />
          <test-case description="Creates a pending test for an empty (whitespace and comments only) script block" name="It - Implementation.Creates a pending test for an empty (whitespace and comments only) script block" time="0.0187" asserts="0" success="True" result="Success" executed="True" />
          <test-case description="Adds a failed test if the script block throws an exception" name="It - Implementation.Adds a failed test if the script block throws an exception" time="0.0428" asserts="0" success="True" result="Success" executed="True" />
          <test-case description="Calls the output script block for each test" name="It - Implementation.Calls the output script block for each test" time="0.0227" asserts="0" success="True" result="Success" executed="True" />
        </results>
      </test-suite>
      <test-suite type="TestFixture" name="Get-OrderedParameterDictionary" executed="True" result="Success" success="False" time="0.2484" asserts="0" description="Get-OrderedParameterDictionary">
        <results>
[...]
            </results>
          </test-suite>
          <test-case description="Context file are removed when returning to Describe" name="TestDrive scoping.Context file are removed when returning to Describe" time="0.1162" asserts="0" success="True" result="Success" executed="True" />
          <test-case description="Describe file is still available in Describe" name="TestDrive scoping.Describe file is still available in Describe" time="0.0135" asserts="0" success="True" result="Success" executed="True" />
        </results>
      </test-suite>
      <test-suite type="TestFixture" name="Cleanup" executed="True" result="Success" success="False" time="0" asserts="0" description="Cleanup">
        <results />
      </test-suite>
      <test-suite type="TestFixture" name="Cleanup" executed="True" result="Success" success="False" time="0.3563" asserts="0" description="Cleanup">
        <results>
          <test-case description="should have removed the temp folder from the previous fixture" name="Cleanup.should have removed the temp folder from the previous fixture" time="0.3432" asserts="0" success="True" result="Success" executed="True" />
          <test-case description="should also remove the TestDrive:" name="Cleanup.should also remove the TestDrive:" time="0.0131" asserts="0" success="True" result="Success" executed="True" />
        </results>
      </test-suite>
      <test-suite type="TestFixture" name="Cleanup when Remove-Item is mocked" executed="True" result="Success" success="False" time="0.5689" asserts="0" description="Cleanup when Remove-Item is mocked">
        <results>
          <test-suite type="TestFixture" name="add a temp directory" executed="True" result="Success" success="False" time="0" asserts="0" description="add a temp directory">
            <results />
          </test-suite>
          <test-suite type="TestFixture" name="next context" executed="True" result="Success" success="False" time="0.5689" asserts="0" description="next context">
            <results>
              <test-case description="should have removed the temp folder" name="Cleanup when Remove-Item is mocked.next context.should have removed the temp folder" time="0.5689" asserts="0" success="True" result="Success" executed="True" />
            </results>
          </test-suite>
        </results>
      </test-suite>
      <test-suite type="TestFixture" name="New-RandomTempDirectory" executed="True" result="Success" success="False" time="0.2462" asserts="0" description="New-RandomTempDirectory">
        <results>
          <test-case description="creates randomly named directory" name="New-RandomTempDirectory.creates randomly named directory" time="0.2462" asserts="0" success="True" result="Success" executed="True" />
        </results>
      </test-suite>
    </results>
  </test-suite>
  <test-suite type="TestFixture" name="C:\Users\Dave\Documents\GitHub\pester\Functions\TestResults.Tests.ps1" executed="True" result="Failure" success="False" time="1.7044" asserts="0" description="C:\Users\Dave\Documents\GitHub\pester\Functions\TestResults.Tests.ps1">
    <results>
      <test-suite type="TestFixture" name="Write nunit test results" executed="True" result="Failure" success="False" time="1.2095" asserts="0" description="Write nunit test results">
        <results>
          <test-suite type="TestFixture" name="Exporting Parameterized Tests (Newer format)" executed="True" result="Failure" success="False" time="0.2295" asserts="0" description="Exporting Parameterized Tests (Newer format)">
            <results>
              <test-case description="should write parameterized test results correctly" name="Write nunit test results.Exporting Parameterized Tests (Newer format).should write parameterized test results correctly" time="0.2113" asserts="0" success="False" result="Failure" executed="True">
                <failure>
                  <message>Expected: {Mocked Describe.Parameterized Testcase &lt;A&gt;}
But was:  {}</message>
                  <stack-trace>at line: 199 in C:\Users\Dave\Documents\GitHub\pester\Functions\TestResults.Tests.ps1
199:                 $xmlTestSuite.name        | Should Be 'Mocked Describe.Parameterized Testcase &lt;A&gt;'
</stack-trace>
                </failure>
              </test-case>
              <test-case description="Should validate test results against the nunit 2.5 schema" name="Write nunit test results.Exporting Parameterized Tests (Newer format).Should validate test results against the nunit 2.5 schema" time="0.0181" asserts="0" success="True" result="Success" executed="True" />
            </results>
          </test-suite>
          <test-case description="should write a successful test result" name="Write nunit test results.should write a successful test result" time="0.4755" asserts="0" success="False" result="Failure" executed="True">
            <failure>
              <message>Expected: {Mocked Describe.Successful testcase}
But was:  {}</message>
              <stack-trace>at line: 18 in C:\Users\Dave\Documents\GitHub\pester\Functions\TestResults.Tests.ps1
18:             $xmlTestCase.name     | Should Be "Mocked Describe.Successful testcase"
</stack-trace>
            </failure>
          </test-case>
          <test-case description="should write a failed test result" name="Write nunit test results.should write a failed test result" time="0.0689" asserts="0" success="False" result="Failure" executed="True">
            <failure>
              <message>Expected: {Mocked Describe.Failed testcase}
But was:  {}</message>
              <stack-trace>at line: 35 in C:\Users\Dave\Documents\GitHub\pester\Functions\TestResults.Tests.ps1
35:             $xmlTestCase.name                   | Should Be "Mocked Describe.Failed testcase"
</stack-trace>
            </failure>
          </test-case>
          <test-case description="should write the test summary" name="Write nunit test results.should write the test summary" time="0.0644" asserts="0" success="True" result="Success" executed="True" />
          <test-case description="should write the test-suite information" name="Write nunit test results.should write the test-suite information" time="0.0644" asserts="0" success="False" result="Failure" executed="True">
            <failure>
              <message>Expected: {TestFixture}
But was:  {}</message>
              <stack-trace>at line: 72 in C:\Users\Dave\Documents\GitHub\pester\Functions\TestResults.Tests.ps1
72:             $xmlTestResult.type            | Should Be "TestFixture"
</stack-trace>
            </failure>
          </test-case>
          <test-case description="should write two test-suite elements for two describes" name="Write nunit test results.should write two test-suite elements for two describes" time="0.0731" asserts="0" success="False" result="Failure" executed="True">
            <failure>
              <message>Expected: {Describe #1}
But was:  {}</message>
              <stack-trace>at line: 95 in C:\Users\Dave\Documents\GitHub\pester\Functions\TestResults.Tests.ps1
95:             $xmlTestSuite1.name        | Should Be "Describe #1"
</stack-trace>
            </failure>
          </test-case>
          <test-case description="should write the environment information" name="Write nunit test results.should write the environment information" time="0.0652" asserts="0" success="True" result="Success" executed="True" />
          <test-case description="Should validate test results against the nunit 2.5 schema" name="Write nunit test results.Should validate test results against the nunit 2.5 schema" time="0.1046" asserts="0" success="False" result="Failure" executed="True">
            <failure>
              <message>Expected: the expression not to throw an exception. Message was {Exception calling "Validate" with "1" argument(s): "The element 'test-results' has invalid child element 'test-suite'."}
    from C:\Users\Dave\Documents\GitHub\pester\Functions\TestResults.Tests.ps1:141 char:15
    +             { $xml.Validate({throw $args.Exception }) } | Should Not  ...
    +               ~~~~~~~~~~~~~~~~~~~~~~~~~~~~~~~~~~~~~~~</message>
              <stack-trace>at line: 141 in C:\Users\Dave\Documents\GitHub\pester\Functions\TestResults.Tests.ps1
141:             { $xml.Validate({throw $args.Exception }) } | Should Not Throw
</stack-trace>
            </failure>
          </test-case>
          <test-case description="handles special characters in block descriptions well -!@#$%^&amp;*()_+1234567890[];'',./&quot;- " name="Write nunit test results.handles special characters in block descriptions well -!@#$%^&amp;*()_+1234567890[];'',./&quot;- " time="0.0639" asserts="0" success="True" result="Success" executed="True" />
        </results>
      </test-suite>
      <test-suite type="TestFixture" name="Get-TestTime" executed="True" result="Success" success="False" time="0.2769" asserts="0" description="Get-TestTime">
        <results>
          <test-case description="output is culture agnostic" name="Get-TestTime.output is culture agnostic" time="0.2597" asserts="0" success="True" result="Success" executed="True" />
          <test-case description="Time is measured in seconds with 0,1 millisecond as lowest value" name="Get-TestTime.Time is measured in seconds with 0,1 millisecond as lowest value" time="0.0172" asserts="0" success="True" result="Success" executed="True" />
        </results>
      </test-suite>
      <test-suite type="TestFixture" name="GetFullPath" executed="True" result="Success" success="False" time="0.2179" asserts="0" description="GetFullPath">
        <results>
          <test-case description="Resolves non existing path correctly" name="GetFullPath.Resolves non existing path correctly" time="0.1627" asserts="0" success="True" result="Success" executed="True" />
          <test-case description="Resolves existing path correctly" name="GetFullPath.Resolves existing path correctly" time="0.0362" asserts="0" success="True" result="Success" executed="True" />
          <test-case description="Resolves full path correctly" name="GetFullPath.Resolves full path correctly" time="0.019" asserts="0" success="True" result="Success" executed="True" />
        </results>
      </test-suite>
    </results>
  </test-suite>
  <test-suite type="TestFixture" name="C:\Users\Dave\Documents\GitHub\pester\Functions\TestsRunningInCleanRunspace.Tests.ps1" executed="True" result="Failure" success="False" time="12.3475" asserts="0" description="C:\Users\Dave\Documents\GitHub\pester\Functions\TestsRunningInCleanRunspace.Tests.ps1">
    <results>
      <test-suite type="TestFixture" name="Tests running in clean runspace" executed="True" result="Failure" success="False" time="8.1157" asserts="0" description="Tests running in clean runspace">
        <results>
          <test-case description="It - Skip and Pending tests" name="Tests running in clean runspace.It - Skip and Pending tests" time="2.2808" asserts="0" success="True" result="Success" executed="True" />
          <test-case description="It - It without ScriptBlock fails" name="Tests running in clean runspace.It - It without ScriptBlock fails" time="2.0029" asserts="0" success="True" result="Success" executed="True" />
          <test-case description="Invoke-Pester - PassThru output" name="Tests running in clean runspace.Invoke-Pester - PassThru output" time="2.0231" asserts="0" success="True" result="Success" executed="True" />
          <test-case description="Produces valid NUnit output when syntax errors occur in test scripts" name="Tests running in clean runspace.Produces valid NUnit output when syntax errors occur in test scripts" time="1.8089" asserts="0" success="False" result="Failure" executed="True">
            <failure>
              <message>Expected: value to not be empty</message>
              <stack-trace>at line: 115 in C:\Users\Dave\Documents\GitHub\pester\Functions\TestsRunningInCleanRunspace.Tests.ps1
115:         $xml.'test-results'.'test-suite'.results.'test-suite'.name | Should Not BeNullOrEmpty
</stack-trace>
            </failure>
          </test-case>
        </results>
      </test-suite>
      <test-suite type="TestFixture" name="Guarantee It fail on setup or teardown fail (running in clean runspace)" executed="True" result="Success" success="False" time="4.2318" asserts="0" description="Guarantee It fail on setup or teardown fail (running in clean runspace)">
        <results>
          <test-case description="It fails if BeforeEach fails" name="Guarantee It fail on setup or teardown fail (running in clean runspace).It fails if BeforeEach fails" time="2.1316" asserts="0" success="True" result="Success" executed="True" />
          <test-case description="It fails if AfterEach fails" name="Guarantee It fail on setup or teardown fail (running in clean runspace).It fails if AfterEach fails" time="2.1003" asserts="0" success="True" result="Success" executed="True" />
        </results>
      </test-suite>
    </results>
  </test-suite>
  <test-suite type="TestFixture" name="C:\Users\Dave\Documents\GitHub\pester\Pester.Tests.ps1" executed="True" result="Success" success="False" time="1.7476" asserts="0" description="C:\Users\Dave\Documents\GitHub\pester\Pester.Tests.ps1">
    <results>
      <test-suite type="TestFixture" name="Clean treatment of the $error variable" executed="True" result="Success" success="False" time="0.3802" asserts="0" description="Clean treatment of the $error variable">
        <results>
          <test-suite type="TestFixture" name="A Context" executed="True" result="Success" success="False" time="0.2592" asserts="0" description="A Context">
            <results>
              <test-case description="Performs a successful test" name="Clean treatment of the $error variable.A Context.Performs a successful test" time="0.2592" asserts="0" success="True" result="Success" executed="True" />
            </results>
          </test-suite>
          <test-case description="Did not add anything to the $error variable" name="Clean treatment of the $error variable.Did not add anything to the $error variable" time="0.121" asserts="0" success="True" result="Success" executed="True" />
        </results>
      </test-suite>
      <test-suite type="TestFixture" name="SafeCommands table" executed="True" result="Success" success="False" time="0.159" asserts="0" description="SafeCommands table">
        <results>
          <test-case description="The SafeCommands table contains all commands that are called from the module" name="SafeCommands table.The SafeCommands table contains all commands that are called from the module" time="0.159" asserts="0" success="True" result="Success" executed="True" />
        </results>
      </test-suite>
      <test-suite type="TestFixture" name="Style rules" executed="True" result="Success" success="False" time="0.2661" asserts="0" description="Style rules">
        <results>
          <test-case description="Pester source files contain no trailing whitespace" name="Style rules.Pester source files contain no trailing whitespace" time="0.2407" asserts="0" success="True" result="Success" executed="True" />
          <test-case description="Pester Source Files all end with a newline" name="Style rules.Pester Source Files all end with a newline" time="0.0254" asserts="0" success="True" result="Success" executed="True" />
        </results>
      </test-suite>
      <test-suite type="TestFixture" name="ResolveTestScripts" executed="True" result="Success" success="False" time="0.9423" asserts="0" description="ResolveTestScripts">
        <results>
          <test-suite type="TestFixture" name="Passing in Dictionaries instead of Strings" executed="True" result="Success" success="False" time="0.3124" asserts="0" description="Passing in Dictionaries instead of Strings">
            <results>
              <test-case description="Allows the use of a &quot;P&quot; key instead of &quot;Path&quot;" name="ResolveTestScripts.Passing in Dictionaries instead of Strings.Allows the use of a &quot;P&quot; key instead of &quot;Path&quot;" time="0.1387" asserts="0" success="True" result="Success" executed="True" />
              <test-case description="Allows the use of an &quot;Arguments&quot; key in the dictionary" name="ResolveTestScripts.Passing in Dictionaries instead of Strings.Allows the use of an &quot;Arguments&quot; key in the dictionary" time="0.0192" asserts="0" success="True" result="Success" executed="True" />
              <test-case description="Allows the use of an &quot;Args&quot; key in the dictionary" name="ResolveTestScripts.Passing in Dictionaries instead of Strings.Allows the use of an &quot;Args&quot; key in the dictionary" time="0.022" asserts="0" success="True" result="Success" executed="True" />
              <test-case description="Allows the use of an &quot;A&quot; key in the dictionary" name="ResolveTestScripts.Passing in Dictionaries instead of Strings.Allows the use of an &quot;A&quot; key in the dictionary" time="0.0244" asserts="0" success="True" result="Success" executed="True" />
              <test-case description="Allows the use of a &quot;Parameters&quot; key in the dictionary" name="ResolveTestScripts.Passing in Dictionaries instead of Strings.Allows the use of a &quot;Parameters&quot; key in the dictionary" time="0.0263" asserts="0" success="True" result="Success" executed="True" />
              <test-case description="Allows the use of a &quot;Params&quot; key in the dictionary" name="ResolveTestScripts.Passing in Dictionaries instead of Strings.Allows the use of a &quot;Params&quot; key in the dictionary" time="0.034" asserts="0" success="True" result="Success" executed="True" />
              <test-case description="Throws an error if no Path is specified" name="ResolveTestScripts.Passing in Dictionaries instead of Strings.Throws an error if no Path is specified" time="0.0227" asserts="0" success="True" result="Success" executed="True" />
              <test-case description="Throws an error if a Parameters key is used, but does not contain an IDictionary object" name="ResolveTestScripts.Passing in Dictionaries instead of Strings.Throws an error if a Parameters key is used, but does not contain an IDictionary object" time="0.0249" asserts="0" success="True" result="Success" executed="True" />
            </results>
          </test-suite>
          <test-case description="Resolves non-wildcarded file paths regardless of whether the file ends with Tests.ps1" name="ResolveTestScripts.Resolves non-wildcarded file paths regardless of whether the file ends with Tests.ps1" time="0.5467" asserts="0" success="True" result="Success" executed="True" />
          <test-case description="Finds only *.Tests.ps1 files when the path contains wildcards" name="ResolveTestScripts.Finds only *.Tests.ps1 files when the path contains wildcards" time="0.0216" asserts="0" success="True" result="Success" executed="True" />
          <test-case description="Finds only *.Tests.ps1 files when the path refers to a directory and does not contain wildcards" name="ResolveTestScripts.Finds only *.Tests.ps1 files when the path refers to a directory and does not contain wildcards" time="0.0176" asserts="0" success="True" result="Success" executed="True" />
          <test-case description="Assigns empty array and hashtable to the Arguments and Parameters properties when none are specified by the caller" name="ResolveTestScripts.Assigns empty array and hashtable to the Arguments and Parameters properties when none are specified by the caller" time="0.044" asserts="0" success="True" result="Success" executed="True" />
        </results>
      </test-suite>
    </results>
  </test-suite>
</test-results>